[DEBUG] [2021-07-02 20:13:35] AbstractEnvironment.setActiveProfiles(252) | Activating profiles []
[DEBUG] [2021-07-02 20:13:35] AbstractEnvironment.setActiveProfiles(252) | Activating profiles []
[DEBUG] [2021-07-02 20:13:35] ClasspathLoggingApplicationListener.onApplicationEvent(51) | Application started with classpath: [file:/home/lj/IdeaProjects/scutcloud/build/classes/java/main/, file:/home/lj/IdeaProjects/scutcloud/build/resources/main/]
[DEBUG] [2021-07-02 20:13:36] PropertySourcesPropertyResolver.logKeyFound(115) | Found key 'spring.application.name' in PropertySource 'configurationProperties' with value of type String
[INFO] [2021-07-02 20:13:36] StartupInfoLogger.logStarting(55) | Starting ScutcloudApplication on ubuntu with PID 6418 (/home/lj/IdeaProjects/scutcloud/build/classes/java/main started by lj in /home/lj/IdeaProjects/scutcloud)
[DEBUG] [2021-07-02 20:13:36] StartupInfoLogger.logStarting(56) | Running with Spring Boot v2.3.7.RELEASE, Spring v5.2.12.RELEASE
[INFO] [2021-07-02 20:13:36] SpringApplication.logStartupProfileInfo(651) | No active profile set, falling back to default profiles: default
[DEBUG] [2021-07-02 20:13:36] SpringApplication.load(679) | Loading source class org.fisco.bcos.scutcloud.ScutcloudApplication
[DEBUG] [2021-07-02 20:13:36] DeferredLog.logTo(222) | Loaded config file 'file:/home/lj/IdeaProjects/scutcloud/build/resources/main/application.properties' (classpath:/application.properties)
[DEBUG] [2021-07-02 20:13:36] DeferredLog.logTo(222) | Matching URLs for reloading : [file:/home/lj/IdeaProjects/scutcloud/build/classes/java/main/, file:/home/lj/IdeaProjects/scutcloud/build/resources/main/]
[DEBUG] [2021-07-02 20:13:36] DeferredLog.logTo(222) | Included patterns for restart : []
[DEBUG] [2021-07-02 20:13:36] DeferredLog.logTo(222) | Excluded patterns for restart : [/spring-boot-starter-[\w-]+/, /spring-boot/(bin|build|out)/, /spring-boot-starter/(bin|build|out)/, /spring-boot-devtools/(bin|build|out)/, /spring-boot-actuator/(bin|build|out)/, /spring-boot-autoconfigure/(bin|build|out)/]
[INFO] [2021-07-02 20:13:36] DeferredLog.logTo(225) | Devtools property defaults active! Set 'spring.devtools.add-properties' to 'false' to disable
[DEBUG] [2021-07-02 20:13:36] AbstractApplicationContext.prepareRefresh(596) | Refreshing org.springframework.context.annotation.AnnotationConfigApplicationContext@63eca2ac
[DEBUG] [2021-07-02 20:13:36] DefaultSingletonBeanRegistry.getSingleton(225) | Creating shared instance of singleton bean 'org.springframework.context.annotation.internalConfigurationAnnotationProcessor'
[DEBUG] [2021-07-02 20:13:36] DefaultSingletonBeanRegistry.getSingleton(225) | Creating shared instance of singleton bean 'org.springframework.boot.autoconfigure.internalCachingMetadataReaderFactory'
[DEBUG] [2021-07-02 20:13:36] PropertySourcesPropertyResolver.logKeyFound(115) | Found key 'spring.jmx.enabled' in PropertySource 'configurationProperties' with value of type String
[DEBUG] [2021-07-02 20:13:36] PropertySourcesPropertyResolver.logKeyFound(115) | Found key 'spring.application.admin.enabled' in PropertySource 'configurationProperties' with value of type String
[DEBUG] [2021-07-02 20:13:37] PropertySourcesPropertyResolver.logKeyFound(115) | Found key 'spring.jmx.enabled' in PropertySource 'configurationProperties' with value of type String
[DEBUG] [2021-07-02 20:13:37] PropertySourcesPropertyResolver.logKeyFound(115) | Found key 'spring.application.admin.enabled' in PropertySource 'configurationProperties' with value of type String
[DEBUG] [2021-07-02 20:13:37] DefaultSingletonBeanRegistry.getSingleton(225) | Creating shared instance of singleton bean 'propertySourcesPlaceholderConfigurer'
[DEBUG] [2021-07-02 20:13:37] DefaultSingletonBeanRegistry.getSingleton(225) | Creating shared instance of singleton bean 'org.springframework.context.event.internalEventListenerProcessor'
[DEBUG] [2021-07-02 20:13:37] DefaultSingletonBeanRegistry.getSingleton(225) | Creating shared instance of singleton bean 'org.springframework.context.event.internalEventListenerFactory'
[DEBUG] [2021-07-02 20:13:37] DefaultSingletonBeanRegistry.getSingleton(225) | Creating shared instance of singleton bean 'org.springframework.context.annotation.internalAutowiredAnnotationProcessor'
[DEBUG] [2021-07-02 20:13:37] DefaultSingletonBeanRegistry.getSingleton(225) | Creating shared instance of singleton bean 'org.springframework.boot.context.properties.ConfigurationPropertiesBindingPostProcessor'
[DEBUG] [2021-07-02 20:13:37] DefaultSingletonBeanRegistry.getSingleton(225) | Creating shared instance of singleton bean 'org.springframework.boot.context.internalConfigurationPropertiesBinder'
[DEBUG] [2021-07-02 20:13:37] DefaultSingletonBeanRegistry.getSingleton(225) | Creating shared instance of singleton bean 'org.springframework.boot.context.internalConfigurationPropertiesBinderFactory'
[DEBUG] [2021-07-02 20:13:37] DefaultSingletonBeanRegistry.getSingleton(225) | Creating shared instance of singleton bean 'scutcloudApplication'
[DEBUG] [2021-07-02 20:13:37] DefaultSingletonBeanRegistry.getSingleton(225) | Creating shared instance of singleton bean 'org.springframework.boot.autoconfigure.AutoConfigurationPackages'
[DEBUG] [2021-07-02 20:13:37] DefaultSingletonBeanRegistry.getSingleton(225) | Creating shared instance of singleton bean 'org.springframework.boot.autoconfigure.context.PropertyPlaceholderAutoConfiguration'
[DEBUG] [2021-07-02 20:13:37] DefaultSingletonBeanRegistry.getSingleton(225) | Creating shared instance of singleton bean 'com.alibaba.arthas.spring.ArthasConfiguration'
[DEBUG] [2021-07-02 20:13:37] DefaultSingletonBeanRegistry.getSingleton(225) | Creating shared instance of singleton bean 'arthasConfigMap'
[DEBUG] [2021-07-02 20:13:37] DefaultSingletonBeanRegistry.getSingleton(225) | Creating shared instance of singleton bean 'org.springframework.boot.context.properties.BoundConfigurationProperties'
[DEBUG] [2021-07-02 20:13:37] DefaultSingletonBeanRegistry.getSingleton(225) | Creating shared instance of singleton bean 'arthasAgent'
[DEBUG] [2021-07-02 20:13:37] DefaultSingletonBeanRegistry.getSingleton(225) | Creating shared instance of singleton bean 'arthas-com.alibaba.arthas.spring.ArthasProperties'
[DEBUG] [2021-07-02 20:13:37] ConstructorResolver.createArgumentArray(807) | Autowiring by type from bean name 'arthasAgent' via factory method to bean named 'arthasConfigMap'
[DEBUG] [2021-07-02 20:13:37] ConstructorResolver.createArgumentArray(807) | Autowiring by type from bean name 'arthasAgent' via factory method to bean named 'arthas-com.alibaba.arthas.spring.ArthasProperties'
[DEBUG] [2021-07-02 20:13:37] PropertySourcesPropertyResolver.logKeyFound(115) | Found key 'spring.application.name' in PropertySource 'configurationProperties' with value of type String
[DEBUG] [2021-07-02 20:13:38] ZipUtil.unpack(1095) | Extracting sun.net.www.protocol.jar.JarURLConnection$JarURLInputStream@2c010a8c into '/tmp/arthas-1625282018281-0'.
[INFO] [2021-07-02 20:13:42] ArthasConfiguration.arthasAgent(63) | Arthas agent start success.
[DEBUG] [2021-07-02 20:13:42] DefaultSingletonBeanRegistry.getSingleton(225) | Creating shared instance of singleton bean 'org.springframework.boot.context.properties.ConfigurationBeanFactoryMetadata'
[DEBUG] [2021-07-02 20:13:42] DefaultSingletonBeanRegistry.getSingleton(225) | Creating shared instance of singleton bean 'com.alibaba.arthas.spring.endpoints.ArthasEndPointAutoConfiguration'
[DEBUG] [2021-07-02 20:13:42] DefaultSingletonBeanRegistry.getSingleton(225) | Creating shared instance of singleton bean 'arthasEndPoint'
[DEBUG] [2021-07-02 20:13:42] DefaultSingletonBeanRegistry.getSingleton(225) | Creating shared instance of singleton bean 'org.springframework.boot.autoconfigure.jmx.JmxAutoConfiguration'
[DEBUG] [2021-07-02 20:13:42] ConstructorResolver.createArgumentArray(807) | Autowiring by type from bean name 'org.springframework.boot.autoconfigure.jmx.JmxAutoConfiguration' via constructor to bean named 'environment'
[DEBUG] [2021-07-02 20:13:42] DefaultSingletonBeanRegistry.getSingleton(225) | Creating shared instance of singleton bean 'mbeanExporter'
[DEBUG] [2021-07-02 20:13:42] DefaultSingletonBeanRegistry.getSingleton(225) | Creating shared instance of singleton bean 'objectNamingStrategy'
[DEBUG] [2021-07-02 20:13:42] ConstructorResolver.createArgumentArray(807) | Autowiring by type from bean name 'mbeanExporter' via factory method to bean named 'objectNamingStrategy'
[DEBUG] [2021-07-02 20:13:42] ConstructorResolver.createArgumentArray(807) | Autowiring by type from bean name 'mbeanExporter' via factory method to bean named 'org.springframework.beans.factory.support.DefaultListableBeanFactory@439986d5'
[DEBUG] [2021-07-02 20:13:42] DefaultSingletonBeanRegistry.getSingleton(225) | Creating shared instance of singleton bean 'mbeanServer'
[DEBUG] [2021-07-02 20:13:42] JmxUtils.locateMBeanServer(127) | Found MBeanServer: com.sun.jmx.mbeanserver.JmxMBeanServer@5ecddf8f
[DEBUG] [2021-07-02 20:13:42] DefaultSingletonBeanRegistry.getSingleton(225) | Creating shared instance of singleton bean 'org.springframework.boot.autoconfigure.admin.SpringApplicationAdminJmxAutoConfiguration'
[DEBUG] [2021-07-02 20:13:42] DefaultSingletonBeanRegistry.getSingleton(225) | Creating shared instance of singleton bean 'springApplicationAdminRegistrar'
[DEBUG] [2021-07-02 20:13:42] ConstructorResolver.createArgumentArray(807) | Autowiring by type from bean name 'springApplicationAdminRegistrar' via factory method to bean named 'environment'
[DEBUG] [2021-07-02 20:13:42] SpringApplicationAdminMXBeanRegistrar.afterPropertiesSet(131) | Application Admin MBean registered with name 'org.springframework.boot:type=Admin,name=SpringApplication'
[DEBUG] [2021-07-02 20:13:42] DefaultSingletonBeanRegistry.getSingleton(225) | Creating shared instance of singleton bean 'org.springframework.boot.autoconfigure.aop.AopAutoConfiguration$ClassProxyingConfiguration'
[DEBUG] [2021-07-02 20:13:42] ConstructorResolver.createArgumentArray(807) | Autowiring by type from bean name 'org.springframework.boot.autoconfigure.aop.AopAutoConfiguration$ClassProxyingConfiguration' via constructor to bean named 'org.springframework.beans.factory.support.DefaultListableBeanFactory@439986d5'
[DEBUG] [2021-07-02 20:13:42] DefaultSingletonBeanRegistry.getSingleton(225) | Creating shared instance of singleton bean 'org.springframework.boot.autoconfigure.aop.AopAutoConfiguration'
[DEBUG] [2021-07-02 20:13:42] DefaultSingletonBeanRegistry.getSingleton(225) | Creating shared instance of singleton bean 'org.springframework.boot.autoconfigure.availability.ApplicationAvailabilityAutoConfiguration'
[DEBUG] [2021-07-02 20:13:42] DefaultSingletonBeanRegistry.getSingleton(225) | Creating shared instance of singleton bean 'applicationAvailability'
[DEBUG] [2021-07-02 20:13:42] DefaultSingletonBeanRegistry.getSingleton(225) | Creating shared instance of singleton bean 'org.springframework.boot.autoconfigure.context.ConfigurationPropertiesAutoConfiguration'
[DEBUG] [2021-07-02 20:13:42] DefaultSingletonBeanRegistry.getSingleton(225) | Creating shared instance of singleton bean 'org.springframework.boot.autoconfigure.context.LifecycleAutoConfiguration'
[DEBUG] [2021-07-02 20:13:42] DefaultSingletonBeanRegistry.getSingleton(225) | Creating shared instance of singleton bean 'lifecycleProcessor'
[DEBUG] [2021-07-02 20:13:42] DefaultSingletonBeanRegistry.getSingleton(225) | Creating shared instance of singleton bean 'spring.lifecycle-org.springframework.boot.autoconfigure.context.LifecycleProperties'
[DEBUG] [2021-07-02 20:13:42] ConstructorResolver.createArgumentArray(807) | Autowiring by type from bean name 'lifecycleProcessor' via factory method to bean named 'spring.lifecycle-org.springframework.boot.autoconfigure.context.LifecycleProperties'
[DEBUG] [2021-07-02 20:13:42] DefaultSingletonBeanRegistry.getSingleton(225) | Creating shared instance of singleton bean 'org.springframework.boot.autoconfigure.gson.GsonAutoConfiguration'
[DEBUG] [2021-07-02 20:13:42] DefaultSingletonBeanRegistry.getSingleton(225) | Creating shared instance of singleton bean 'gsonBuilder'
[DEBUG] [2021-07-02 20:13:42] DefaultSingletonBeanRegistry.getSingleton(225) | Creating shared instance of singleton bean 'standardGsonBuilderCustomizer'
[DEBUG] [2021-07-02 20:13:42] DefaultSingletonBeanRegistry.getSingleton(225) | Creating shared instance of singleton bean 'spring.gson-org.springframework.boot.autoconfigure.gson.GsonProperties'
[DEBUG] [2021-07-02 20:13:42] ConstructorResolver.createArgumentArray(807) | Autowiring by type from bean name 'standardGsonBuilderCustomizer' via factory method to bean named 'spring.gson-org.springframework.boot.autoconfigure.gson.GsonProperties'
[DEBUG] [2021-07-02 20:13:42] ConstructorResolver.createArgumentArray(807) | Autowiring by type from bean name 'gsonBuilder' via factory method to bean named 'standardGsonBuilderCustomizer'
[DEBUG] [2021-07-02 20:13:42] DefaultSingletonBeanRegistry.getSingleton(225) | Creating shared instance of singleton bean 'gson'
[DEBUG] [2021-07-02 20:13:42] ConstructorResolver.createArgumentArray(807) | Autowiring by type from bean name 'gson' via factory method to bean named 'gsonBuilder'
[DEBUG] [2021-07-02 20:13:42] DefaultSingletonBeanRegistry.getSingleton(225) | Creating shared instance of singleton bean 'org.springframework.boot.autoconfigure.info.ProjectInfoAutoConfiguration'
[DEBUG] [2021-07-02 20:13:42] DefaultSingletonBeanRegistry.getSingleton(225) | Creating shared instance of singleton bean 'spring.info-org.springframework.boot.autoconfigure.info.ProjectInfoProperties'
[DEBUG] [2021-07-02 20:13:42] ConstructorResolver.createArgumentArray(807) | Autowiring by type from bean name 'org.springframework.boot.autoconfigure.info.ProjectInfoAutoConfiguration' via constructor to bean named 'spring.info-org.springframework.boot.autoconfigure.info.ProjectInfoProperties'
[DEBUG] [2021-07-02 20:13:42] DefaultSingletonBeanRegistry.getSingleton(225) | Creating shared instance of singleton bean 'org.springframework.boot.autoconfigure.jackson.JacksonAutoConfiguration'
[DEBUG] [2021-07-02 20:13:42] DefaultSingletonBeanRegistry.getSingleton(225) | Creating shared instance of singleton bean 'jsonComponentModule'
[DEBUG] [2021-07-02 20:13:42] DefaultSingletonBeanRegistry.getSingleton(225) | Creating shared instance of singleton bean 'org.springframework.boot.autoconfigure.task.TaskExecutionAutoConfiguration'
[DEBUG] [2021-07-02 20:13:42] DefaultSingletonBeanRegistry.getSingleton(225) | Creating shared instance of singleton bean 'taskExecutorBuilder'
[DEBUG] [2021-07-02 20:13:42] DefaultSingletonBeanRegistry.getSingleton(225) | Creating shared instance of singleton bean 'spring.task.execution-org.springframework.boot.autoconfigure.task.TaskExecutionProperties'
[DEBUG] [2021-07-02 20:13:42] ConstructorResolver.createArgumentArray(807) | Autowiring by type from bean name 'taskExecutorBuilder' via factory method to bean named 'spring.task.execution-org.springframework.boot.autoconfigure.task.TaskExecutionProperties'
[DEBUG] [2021-07-02 20:13:42] DefaultSingletonBeanRegistry.getSingleton(225) | Creating shared instance of singleton bean 'org.springframework.boot.autoconfigure.task.TaskSchedulingAutoConfiguration'
[DEBUG] [2021-07-02 20:13:42] DefaultSingletonBeanRegistry.getSingleton(225) | Creating shared instance of singleton bean 'taskSchedulerBuilder'
[DEBUG] [2021-07-02 20:13:42] DefaultSingletonBeanRegistry.getSingleton(225) | Creating shared instance of singleton bean 'spring.task.scheduling-org.springframework.boot.autoconfigure.task.TaskSchedulingProperties'
[DEBUG] [2021-07-02 20:13:42] ConstructorResolver.createArgumentArray(807) | Autowiring by type from bean name 'taskSchedulerBuilder' via factory method to bean named 'spring.task.scheduling-org.springframework.boot.autoconfigure.task.TaskSchedulingProperties'
[DEBUG] [2021-07-02 20:13:42] DefaultSingletonBeanRegistry.getSingleton(225) | Creating shared instance of singleton bean 'org.springframework.boot.devtools.autoconfigure.LocalDevToolsAutoConfiguration$RestartConfiguration'
[DEBUG] [2021-07-02 20:13:42] DefaultSingletonBeanRegistry.getSingleton(225) | Creating shared instance of singleton bean 'spring.devtools-org.springframework.boot.devtools.autoconfigure.DevToolsProperties'
[DEBUG] [2021-07-02 20:13:42] ConstructorResolver.createArgumentArray(807) | Autowiring by type from bean name 'org.springframework.boot.devtools.autoconfigure.LocalDevToolsAutoConfiguration$RestartConfiguration' via constructor to bean named 'spring.devtools-org.springframework.boot.devtools.autoconfigure.DevToolsProperties'
[DEBUG] [2021-07-02 20:13:42] DefaultSingletonBeanRegistry.getSingleton(225) | Creating shared instance of singleton bean 'restartingClassPathChangedEventListener'
[DEBUG] [2021-07-02 20:13:42] DefaultSingletonBeanRegistry.getSingleton(225) | Creating shared instance of singleton bean 'fileSystemWatcherFactory'
[DEBUG] [2021-07-02 20:13:42] ConstructorResolver.createArgumentArray(807) | Autowiring by type from bean name 'restartingClassPathChangedEventListener' via factory method to bean named 'fileSystemWatcherFactory'
[DEBUG] [2021-07-02 20:13:42] DefaultSingletonBeanRegistry.getSingleton(225) | Creating shared instance of singleton bean 'classPathFileSystemWatcher'
[DEBUG] [2021-07-02 20:13:42] DefaultSingletonBeanRegistry.getSingleton(225) | Creating shared instance of singleton bean 'classPathRestartStrategy'
[DEBUG] [2021-07-02 20:13:42] ConstructorResolver.createArgumentArray(807) | Autowiring by type from bean name 'classPathFileSystemWatcher' via factory method to bean named 'fileSystemWatcherFactory'
[DEBUG] [2021-07-02 20:13:42] ConstructorResolver.createArgumentArray(807) | Autowiring by type from bean name 'classPathFileSystemWatcher' via factory method to bean named 'classPathRestartStrategy'
[DEBUG] [2021-07-02 20:13:42] DefaultSingletonBeanRegistry.getSingleton(225) | Creating shared instance of singleton bean 'conditionEvaluationDeltaLoggingListener'
[DEBUG] [2021-07-02 20:13:42] DefaultSingletonBeanRegistry.getSingleton(225) | Creating shared instance of singleton bean 'org.springframework.boot.devtools.autoconfigure.LocalDevToolsAutoConfiguration$LiveReloadConfiguration'
[DEBUG] [2021-07-02 20:13:42] DefaultSingletonBeanRegistry.getSingleton(225) | Creating shared instance of singleton bean 'optionalLiveReloadServer'
[DEBUG] [2021-07-02 20:13:42] ConstructorResolver.createArgumentArray(807) | Autowiring by type from bean name 'liveReloadServer' via factory method to bean named 'spring.devtools-org.springframework.boot.devtools.autoconfigure.DevToolsProperties'
[DEBUG] [2021-07-02 20:13:42] ConstructorResolver.createArgumentArray(807) | Autowiring by type from bean name 'optionalLiveReloadServer' via factory method to bean named 'liveReloadServer'
[DEBUG] [2021-07-02 20:13:42] LiveReloadServer.start(113) | Starting live reload server on port 35729
[INFO] [2021-07-02 20:13:42] OptionalLiveReloadServer.startServer(58) | LiveReload server is running on port 35729
[DEBUG] [2021-07-02 20:13:42] DefaultSingletonBeanRegistry.getSingleton(225) | Creating shared instance of singleton bean 'liveReloadServerEventListener'
[DEBUG] [2021-07-02 20:13:42] ConstructorResolver.createArgumentArray(807) | Autowiring by type from bean name 'liveReloadServerEventListener' via factory method to bean named 'optionalLiveReloadServer'
[DEBUG] [2021-07-02 20:13:42] DefaultSingletonBeanRegistry.getSingleton(225) | Creating shared instance of singleton bean 'org.springframework.boot.devtools.autoconfigure.LocalDevToolsAutoConfiguration'
[DEBUG] [2021-07-02 20:13:42] MBeanExporter.afterSingletonsInstantiated(434) | Registering beans for JMX exposure on startup
[DEBUG] [2021-07-02 20:13:42] MBeanExporter.registerBeans(541) | Autodetecting user-defined JMX MBeans
[DEBUG] [2021-07-02 20:13:42] ConditionEvaluationReportLoggingListener.logAutoConfigurationReport(126) | 


============================
CONDITIONS EVALUATION REPORT
============================


Positive matches:
-----------------

   AopAutoConfiguration matched:
      - @ConditionalOnProperty (spring.aop.auto=true) matched (OnPropertyCondition)

   AopAutoConfiguration.ClassProxyingConfiguration matched:
      - @ConditionalOnMissingClass did not find unwanted class 'org.aspectj.weaver.Advice' (OnClassCondition)
      - @ConditionalOnProperty (spring.aop.proxy-target-class=true) matched (OnPropertyCondition)

   ArthasConfiguration matched:
      - @ConditionalOnProperty (spring.arthas.enabled) matched (OnPropertyCondition)

   ArthasConfiguration#arthasAgent matched:
      - @ConditionalOnMissingBean (types: com.taobao.arthas.agent.attach.ArthasAgent; SearchStrategy: all) did not find any beans (OnBeanCondition)

   ArthasConfiguration#arthasConfigMap matched:
      - @ConditionalOnMissingBean (types: java.util.HashMap; SearchStrategy: all) did not find any beans (OnBeanCondition)

   ArthasEndPointAutoConfiguration matched:
      - @ConditionalOnProperty (spring.arthas.enabled) matched (OnPropertyCondition)

   ArthasEndPointAutoConfiguration#arthasEndPoint matched:
      - @ConditionalOnMissingBean (types: com.alibaba.arthas.spring.endpoints.ArthasEndPoint; SearchStrategy: all) did not find any beans (OnBeanCondition)

   GenericCacheConfiguration matched:
      - Cache org.springframework.boot.autoconfigure.cache.GenericCacheConfiguration automatic cache type (CacheCondition)

   GsonAutoConfiguration matched:
      - @ConditionalOnClass found required class 'com.google.gson.Gson' (OnClassCondition)

   GsonAutoConfiguration#gson matched:
      - @ConditionalOnMissingBean (types: com.google.gson.Gson; SearchStrategy: all) did not find any beans (OnBeanCondition)

   GsonAutoConfiguration#gsonBuilder matched:
      - @ConditionalOnMissingBean (types: com.google.gson.GsonBuilder; SearchStrategy: all) did not find any beans (OnBeanCondition)

   JacksonAutoConfiguration matched:
      - @ConditionalOnClass found required class 'com.fasterxml.jackson.databind.ObjectMapper' (OnClassCondition)

   JmxAutoConfiguration matched:
      - @ConditionalOnClass found required class 'org.springframework.jmx.export.MBeanExporter' (OnClassCondition)
      - @ConditionalOnProperty (spring.jmx.enabled=true) matched (OnPropertyCondition)

   JmxAutoConfiguration#mbeanExporter matched:
      - @ConditionalOnMissingBean (types: org.springframework.jmx.export.MBeanExporter; SearchStrategy: current) did not find any beans (OnBeanCondition)

   JmxAutoConfiguration#mbeanServer matched:
      - @ConditionalOnMissingBean (types: javax.management.MBeanServer; SearchStrategy: all) did not find any beans (OnBeanCondition)

   JmxAutoConfiguration#objectNamingStrategy matched:
      - @ConditionalOnMissingBean (types: org.springframework.jmx.export.naming.ObjectNamingStrategy; SearchStrategy: current) did not find any beans (OnBeanCondition)

   LifecycleAutoConfiguration#defaultLifecycleProcessor matched:
      - @ConditionalOnMissingBean (names: lifecycleProcessor; SearchStrategy: current) did not find any beans (OnBeanCondition)

   LocalDevToolsAutoConfiguration matched:
      - Initialized Restarter Condition available and initialized (OnInitializedRestarterCondition)

   LocalDevToolsAutoConfiguration.LiveReloadConfiguration matched:
      - @ConditionalOnProperty (spring.devtools.livereload.enabled) matched (OnPropertyCondition)

   LocalDevToolsAutoConfiguration.LiveReloadConfiguration#liveReloadServer matched:
      - @ConditionalOnMissingBean (types: org.springframework.boot.devtools.livereload.LiveReloadServer; SearchStrategy: all) did not find any beans (OnBeanCondition)

   LocalDevToolsAutoConfiguration.RestartConfiguration matched:
      - @ConditionalOnProperty (spring.devtools.restart.enabled) matched (OnPropertyCondition)

   LocalDevToolsAutoConfiguration.RestartConfiguration#classPathFileSystemWatcher matched:
      - @ConditionalOnMissingBean (types: org.springframework.boot.devtools.classpath.ClassPathFileSystemWatcher; SearchStrategy: all) did not find any beans (OnBeanCondition)

   LocalDevToolsAutoConfiguration.RestartConfiguration#classPathRestartStrategy matched:
      - @ConditionalOnMissingBean (types: org.springframework.boot.devtools.classpath.ClassPathRestartStrategy; SearchStrategy: all) did not find any beans (OnBeanCondition)

   LocalDevToolsAutoConfiguration.RestartConfiguration#conditionEvaluationDeltaLoggingListener matched:
      - @ConditionalOnProperty (spring.devtools.restart.log-condition-evaluation-delta) matched (OnPropertyCondition)

   NoOpCacheConfiguration matched:
      - Cache org.springframework.boot.autoconfigure.cache.NoOpCacheConfiguration automatic cache type (CacheCondition)

   PropertyPlaceholderAutoConfiguration#propertySourcesPlaceholderConfigurer matched:
      - @ConditionalOnMissingBean (types: org.springframework.context.support.PropertySourcesPlaceholderConfigurer; SearchStrategy: current) did not find any beans (OnBeanCondition)

   SimpleCacheConfiguration matched:
      - Cache org.springframework.boot.autoconfigure.cache.SimpleCacheConfiguration automatic cache type (CacheCondition)

   SpringApplicationAdminJmxAutoConfiguration matched:
      - @ConditionalOnProperty (spring.application.admin.enabled=true) matched (OnPropertyCondition)

   SpringApplicationAdminJmxAutoConfiguration#springApplicationAdminRegistrar matched:
      - @ConditionalOnMissingBean (types: org.springframework.boot.admin.SpringApplicationAdminMXBeanRegistrar; SearchStrategy: all) did not find any beans (OnBeanCondition)

   TaskExecutionAutoConfiguration matched:
      - @ConditionalOnClass found required class 'org.springframework.scheduling.concurrent.ThreadPoolTaskExecutor' (OnClassCondition)

   TaskExecutionAutoConfiguration#applicationTaskExecutor matched:
      - @ConditionalOnMissingBean (types: java.util.concurrent.Executor; SearchStrategy: all) did not find any beans (OnBeanCondition)

   TaskExecutionAutoConfiguration#taskExecutorBuilder matched:
      - @ConditionalOnMissingBean (types: org.springframework.boot.task.TaskExecutorBuilder; SearchStrategy: all) did not find any beans (OnBeanCondition)

   TaskSchedulingAutoConfiguration matched:
      - @ConditionalOnClass found required class 'org.springframework.scheduling.concurrent.ThreadPoolTaskScheduler' (OnClassCondition)

   TaskSchedulingAutoConfiguration#taskSchedulerBuilder matched:
      - @ConditionalOnMissingBean (types: org.springframework.boot.task.TaskSchedulerBuilder; SearchStrategy: all) did not find any beans (OnBeanCondition)


Negative matches:
-----------------

   ActiveMQAutoConfiguration:
      Did not match:
         - @ConditionalOnClass did not find required class 'javax.jms.ConnectionFactory' (OnClassCondition)

   AopAutoConfiguration.AspectJAutoProxyingConfiguration:
      Did not match:
         - @ConditionalOnClass did not find required class 'org.aspectj.weaver.Advice' (OnClassCondition)

   ArtemisAutoConfiguration:
      Did not match:
         - @ConditionalOnClass did not find required class 'javax.jms.ConnectionFactory' (OnClassCondition)

   BatchAutoConfiguration:
      Did not match:
         - @ConditionalOnClass did not find required class 'org.springframework.batch.core.launch.JobLauncher' (OnClassCondition)

   CacheAutoConfiguration:
      Did not match:
         - @ConditionalOnBean (types: org.springframework.cache.interceptor.CacheAspectSupport; SearchStrategy: all) did not find any beans of type org.springframework.cache.interceptor.CacheAspectSupport (OnBeanCondition)
      Matched:
         - @ConditionalOnClass found required class 'org.springframework.cache.CacheManager' (OnClassCondition)

   CacheAutoConfiguration.CacheManagerEntityManagerFactoryDependsOnPostProcessor:
      Did not match:
         - @ConditionalOnClass did not find required class 'org.springframework.orm.jpa.LocalContainerEntityManagerFactoryBean' (OnClassCondition)
         - Ancestor org.springframework.boot.autoconfigure.cache.CacheAutoConfiguration did not match (ConditionEvaluationReport.AncestorsMatchedCondition)

   CaffeineCacheConfiguration:
      Did not match:
         - @ConditionalOnClass did not find required class 'com.github.benmanes.caffeine.cache.Caffeine' (OnClassCondition)

   CassandraAutoConfiguration:
      Did not match:
         - @ConditionalOnClass did not find required class 'com.datastax.oss.driver.api.core.CqlSession' (OnClassCondition)

   CassandraDataAutoConfiguration:
      Did not match:
         - @ConditionalOnClass did not find required class 'com.datastax.oss.driver.api.core.CqlSession' (OnClassCondition)

   CassandraReactiveDataAutoConfiguration:
      Did not match:
         - @ConditionalOnClass did not find required class 'com.datastax.oss.driver.api.core.CqlSession' (OnClassCondition)

   CassandraReactiveRepositoriesAutoConfiguration:
      Did not match:
         - @ConditionalOnClass did not find required class 'org.springframework.data.cassandra.ReactiveSession' (OnClassCondition)

   CassandraRepositoriesAutoConfiguration:
      Did not match:
         - @ConditionalOnClass did not find required class 'com.datastax.oss.driver.api.core.CqlSession' (OnClassCondition)

   ClientHttpConnectorAutoConfiguration:
      Did not match:
         - @ConditionalOnClass did not find required class 'org.springframework.web.reactive.function.client.WebClient' (OnClassCondition)

   CodecsAutoConfiguration:
      Did not match:
         - @ConditionalOnClass did not find required class 'org.springframework.http.codec.CodecConfigurer' (OnClassCondition)

   CouchbaseAutoConfiguration:
      Did not match:
         - @ConditionalOnClass did not find required class 'com.couchbase.client.java.Cluster' (OnClassCondition)

   CouchbaseCacheConfiguration:
      Did not match:
         - @ConditionalOnClass did not find required class 'com.couchbase.client.java.Cluster' (OnClassCondition)

   CouchbaseDataAutoConfiguration:
      Did not match:
         - @ConditionalOnClass did not find required class 'com.couchbase.client.java.Bucket' (OnClassCondition)

   CouchbaseReactiveDataAutoConfiguration:
      Did not match:
         - @ConditionalOnClass did not find required class 'com.couchbase.client.java.Cluster' (OnClassCondition)

   CouchbaseReactiveRepositoriesAutoConfiguration:
      Did not match:
         - @ConditionalOnClass did not find required class 'com.couchbase.client.java.Cluster' (OnClassCondition)

   CouchbaseRepositoriesAutoConfiguration:
      Did not match:
         - @ConditionalOnClass did not find required class 'com.couchbase.client.java.Bucket' (OnClassCondition)

   DataSourceAutoConfiguration:
      Did not match:
         - @ConditionalOnClass did not find required class 'org.springframework.jdbc.datasource.embedded.EmbeddedDatabaseType' (OnClassCondition)

   DataSourceTransactionManagerAutoConfiguration:
      Did not match:
         - @ConditionalOnClass did not find required class 'org.springframework.jdbc.core.JdbcTemplate' (OnClassCondition)

   DevToolsDataSourceAutoConfiguration:
      Did not match:
         - DevTools DataSource Condition did not find a single DataSource bean (DevToolsDataSourceAutoConfiguration.DevToolsDataSourceCondition)
      Matched:
         - Devtools devtools enabled. (OnEnabledDevToolsCondition)

   DevToolsDataSourceAutoConfiguration.DatabaseShutdownExecutorEntityManagerFactoryDependsOnPostProcessor:
      Did not match:
         - @ConditionalOnClass did not find required class 'org.springframework.orm.jpa.LocalContainerEntityManagerFactoryBean' (OnClassCondition)
         - Ancestor org.springframework.boot.devtools.autoconfigure.DevToolsDataSourceAutoConfiguration did not match (ConditionEvaluationReport.AncestorsMatchedCondition)

   DispatcherServletAutoConfiguration:
      Did not match:
         - @ConditionalOnClass did not find required class 'org.springframework.web.servlet.DispatcherServlet' (OnClassCondition)

   EhCacheCacheConfiguration:
      Did not match:
         - @ConditionalOnClass did not find required class 'net.sf.ehcache.Cache' (OnClassCondition)

   ElasticsearchDataAutoConfiguration:
      Did not match:
         - @ConditionalOnClass did not find required class 'org.springframework.data.elasticsearch.core.ElasticsearchTemplate' (OnClassCondition)

   ElasticsearchRepositoriesAutoConfiguration:
      Did not match:
         - @ConditionalOnClass did not find required class 'org.elasticsearch.client.Client' (OnClassCondition)

   ElasticsearchRestClientAutoConfiguration:
      Did not match:
         - @ConditionalOnClass did not find required class 'org.elasticsearch.client.RestClient' (OnClassCondition)

   EmbeddedLdapAutoConfiguration:
      Did not match:
         - @ConditionalOnClass did not find required class 'com.unboundid.ldap.listener.InMemoryDirectoryServer' (OnClassCondition)

   EmbeddedMongoAutoConfiguration:
      Did not match:
         - @ConditionalOnClass did not find required class 'com.mongodb.MongoClientSettings' (OnClassCondition)

   EmbeddedWebServerFactoryCustomizerAutoConfiguration:
      Did not match:
         - @ConditionalOnWebApplication did not find reactive or servlet web application classes (OnWebApplicationCondition)

   ErrorMvcAutoConfiguration:
      Did not match:
         - @ConditionalOnClass did not find required class 'javax.servlet.Servlet' (OnClassCondition)

   ErrorWebFluxAutoConfiguration:
      Did not match:
         - @ConditionalOnClass did not find required class 'org.springframework.web.reactive.config.WebFluxConfigurer' (OnClassCondition)

   FlywayAutoConfiguration:
      Did not match:
         - @ConditionalOnClass did not find required class 'org.flywaydb.core.Flyway' (OnClassCondition)

   FreeMarkerAutoConfiguration:
      Did not match:
         - @ConditionalOnClass did not find required class 'freemarker.template.Configuration' (OnClassCondition)

   GroovyTemplateAutoConfiguration:
      Did not match:
         - @ConditionalOnClass did not find required class 'groovy.text.markup.MarkupTemplateEngine' (OnClassCondition)

   H2ConsoleAutoConfiguration:
      Did not match:
         - @ConditionalOnClass did not find required class 'org.h2.server.web.WebServlet' (OnClassCondition)

   HazelcastAutoConfiguration:
      Did not match:
         - @ConditionalOnClass did not find required class 'com.hazelcast.core.HazelcastInstance' (OnClassCondition)

   HazelcastCacheConfiguration:
      Did not match:
         - @ConditionalOnClass did not find required class 'com.hazelcast.core.HazelcastInstance' (OnClassCondition)

   HazelcastJpaDependencyAutoConfiguration:
      Did not match:
         - @ConditionalOnClass did not find required class 'com.hazelcast.core.HazelcastInstance' (OnClassCondition)

   HibernateJpaAutoConfiguration:
      Did not match:
         - @ConditionalOnClass did not find required class 'javax.persistence.EntityManager' (OnClassCondition)

   HttpEncodingAutoConfiguration:
      Did not match:
         - @ConditionalOnClass did not find required class 'org.springframework.web.filter.CharacterEncodingFilter' (OnClassCondition)

   HttpHandlerAutoConfiguration:
      Did not match:
         - @ConditionalOnClass did not find required class 'org.springframework.http.server.reactive.HttpHandler' (OnClassCondition)

   HttpMessageConvertersAutoConfiguration:
      Did not match:
         - @ConditionalOnClass did not find required class 'org.springframework.http.converter.HttpMessageConverter' (OnClassCondition)

   HypermediaAutoConfiguration:
      Did not match:
         - @ConditionalOnClass did not find required class 'org.springframework.hateoas.EntityModel' (OnClassCondition)

   InfinispanCacheConfiguration:
      Did not match:
         - @ConditionalOnClass did not find required class 'org.infinispan.spring.embedded.provider.SpringEmbeddedCacheManager' (OnClassCondition)

   InfluxDbAutoConfiguration:
      Did not match:
         - @ConditionalOnClass did not find required class 'org.influxdb.InfluxDB' (OnClassCondition)

   IntegrationAutoConfiguration:
      Did not match:
         - @ConditionalOnClass did not find required class 'org.springframework.integration.config.EnableIntegration' (OnClassCondition)

   JCacheCacheConfiguration:
      Did not match:
         - @ConditionalOnClass did not find required class 'javax.cache.Caching' (OnClassCondition)

   JacksonAutoConfiguration.Jackson2ObjectMapperBuilderCustomizerConfiguration:
      Did not match:
         - @ConditionalOnClass did not find required class 'org.springframework.http.converter.json.Jackson2ObjectMapperBuilder' (OnClassCondition)

   JacksonAutoConfiguration.JacksonObjectMapperBuilderConfiguration:
      Did not match:
         - @ConditionalOnClass did not find required class 'org.springframework.http.converter.json.Jackson2ObjectMapperBuilder' (OnClassCondition)

   JacksonAutoConfiguration.JacksonObjectMapperConfiguration:
      Did not match:
         - @ConditionalOnClass did not find required class 'org.springframework.http.converter.json.Jackson2ObjectMapperBuilder' (OnClassCondition)

   JacksonAutoConfiguration.ParameterNamesModuleConfiguration:
      Did not match:
         - @ConditionalOnClass did not find required class 'com.fasterxml.jackson.module.paramnames.ParameterNamesModule' (OnClassCondition)

   JdbcRepositoriesAutoConfiguration:
      Did not match:
         - @ConditionalOnClass did not find required class 'org.springframework.data.jdbc.repository.config.AbstractJdbcConfiguration' (OnClassCondition)

   JdbcTemplateAutoConfiguration:
      Did not match:
         - @ConditionalOnClass did not find required class 'org.springframework.jdbc.core.JdbcTemplate' (OnClassCondition)

   JerseyAutoConfiguration:
      Did not match:
         - @ConditionalOnClass did not find required class 'javax.servlet.ServletRegistration' (OnClassCondition)

   JmsAutoConfiguration:
      Did not match:
         - @ConditionalOnClass did not find required class 'javax.jms.Message' (OnClassCondition)

   JndiConnectionFactoryAutoConfiguration:
      Did not match:
         - @ConditionalOnClass did not find required class 'org.springframework.jms.core.JmsTemplate' (OnClassCondition)

   JndiDataSourceAutoConfiguration:
      Did not match:
         - @ConditionalOnClass did not find required class 'org.springframework.jdbc.datasource.embedded.EmbeddedDatabaseType' (OnClassCondition)

   JooqAutoConfiguration:
      Did not match:
         - @ConditionalOnClass did not find required class 'org.jooq.DSLContext' (OnClassCondition)

   JpaRepositoriesAutoConfiguration:
      Did not match:
         - @ConditionalOnClass did not find required class 'org.springframework.data.jpa.repository.JpaRepository' (OnClassCondition)

   JsonbAutoConfiguration:
      Did not match:
         - @ConditionalOnClass did not find required class 'javax.json.bind.Jsonb' (OnClassCondition)

   JtaAutoConfiguration:
      Did not match:
         - @ConditionalOnClass did not find required class 'javax.transaction.Transaction' (OnClassCondition)

   KafkaAutoConfiguration:
      Did not match:
         - @ConditionalOnClass did not find required class 'org.springframework.kafka.core.KafkaTemplate' (OnClassCondition)

   LdapAutoConfiguration:
      Did not match:
         - @ConditionalOnClass did not find required class 'org.springframework.ldap.core.ContextSource' (OnClassCondition)

   LdapRepositoriesAutoConfiguration:
      Did not match:
         - @ConditionalOnClass did not find required class 'org.springframework.data.ldap.repository.LdapRepository' (OnClassCondition)

   LiquibaseAutoConfiguration:
      Did not match:
         - @ConditionalOnClass did not find required class 'liquibase.change.DatabaseChange' (OnClassCondition)

   MailSenderAutoConfiguration:
      Did not match:
         - @ConditionalOnClass did not find required class 'javax.activation.MimeType' (OnClassCondition)

   MailSenderValidatorAutoConfiguration:
      Did not match:
         - @ConditionalOnSingleCandidate did not find required type 'org.springframework.mail.javamail.JavaMailSenderImpl' (OnBeanCondition)

   MessageSourceAutoConfiguration:
      Did not match:
         - ResourceBundle did not find bundle with basename messages (MessageSourceAutoConfiguration.ResourceBundleCondition)

   MongoAutoConfiguration:
      Did not match:
         - @ConditionalOnClass did not find required class 'com.mongodb.client.MongoClient' (OnClassCondition)

   MongoDataAutoConfiguration:
      Did not match:
         - @ConditionalOnClass did not find required class 'com.mongodb.client.MongoClient' (OnClassCondition)

   MongoReactiveAutoConfiguration:
      Did not match:
         - @ConditionalOnClass did not find required class 'com.mongodb.reactivestreams.client.MongoClient' (OnClassCondition)

   MongoReactiveDataAutoConfiguration:
      Did not match:
         - @ConditionalOnClass did not find required class 'com.mongodb.reactivestreams.client.MongoClient' (OnClassCondition)

   MongoReactiveRepositoriesAutoConfiguration:
      Did not match:
         - @ConditionalOnClass did not find required class 'com.mongodb.reactivestreams.client.MongoClient' (OnClassCondition)

   MongoRepositoriesAutoConfiguration:
      Did not match:
         - @ConditionalOnClass did not find required class 'com.mongodb.client.MongoClient' (OnClassCondition)

   MultipartAutoConfiguration:
      Did not match:
         - @ConditionalOnClass did not find required class 'javax.servlet.MultipartConfigElement' (OnClassCondition)

   MustacheAutoConfiguration:
      Did not match:
         - @ConditionalOnClass did not find required class 'com.samskivert.mustache.Mustache' (OnClassCondition)

   Neo4jDataAutoConfiguration:
      Did not match:
         - @ConditionalOnClass did not find required class 'org.neo4j.ogm.session.SessionFactory' (OnClassCondition)

   Neo4jRepositoriesAutoConfiguration:
      Did not match:
         - @ConditionalOnClass did not find required class 'org.neo4j.ogm.session.Neo4jSession' (OnClassCondition)

   OAuth2ClientAutoConfiguration:
      Did not match:
         - @ConditionalOnClass did not find required class 'org.springframework.security.config.annotation.web.configuration.EnableWebSecurity' (OnClassCondition)

   OAuth2ResourceServerAutoConfiguration:
      Did not match:
         - @ConditionalOnClass did not find required class 'org.springframework.security.oauth2.server.resource.BearerTokenAuthenticationToken' (OnClassCondition)

   PersistenceExceptionTranslationAutoConfiguration:
      Did not match:
         - @ConditionalOnClass did not find required class 'org.springframework.dao.annotation.PersistenceExceptionTranslationPostProcessor' (OnClassCondition)

   ProjectInfoAutoConfiguration#buildProperties:
      Did not match:
         - @ConditionalOnResource did not find resource '${spring.info.build.location:classpath:META-INF/build-info.properties}' (OnResourceCondition)

   ProjectInfoAutoConfiguration#gitProperties:
      Did not match:
         - GitResource did not find git info at classpath:git.properties (ProjectInfoAutoConfiguration.GitResourceAvailableCondition)

   QuartzAutoConfiguration:
      Did not match:
         - @ConditionalOnClass did not find required class 'org.quartz.Scheduler' (OnClassCondition)

   R2dbcAutoConfiguration:
      Did not match:
         - @ConditionalOnClass did not find required class 'io.r2dbc.spi.ConnectionFactory' (OnClassCondition)

   R2dbcDataAutoConfiguration:
      Did not match:
         - @ConditionalOnClass did not find required class 'org.springframework.data.r2dbc.core.DatabaseClient' (OnClassCondition)

   R2dbcRepositoriesAutoConfiguration:
      Did not match:
         - @ConditionalOnClass did not find required class 'io.r2dbc.spi.ConnectionFactory' (OnClassCondition)

   R2dbcTransactionManagerAutoConfiguration:
      Did not match:
         - @ConditionalOnClass did not find required class 'org.springframework.data.r2dbc.connectionfactory.R2dbcTransactionManager' (OnClassCondition)

   RSocketMessagingAutoConfiguration:
      Did not match:
         - @ConditionalOnClass did not find required class 'io.rsocket.RSocketFactory' (OnClassCondition)

   RSocketRequesterAutoConfiguration:
      Did not match:
         - @ConditionalOnClass did not find required class 'io.rsocket.RSocketFactory' (OnClassCondition)

   RSocketSecurityAutoConfiguration:
      Did not match:
         - @ConditionalOnClass did not find required class 'org.springframework.security.rsocket.core.SecuritySocketAcceptorInterceptor' (OnClassCondition)

   RSocketServerAutoConfiguration:
      Did not match:
         - @ConditionalOnClass did not find required class 'io.rsocket.core.RSocketServer' (OnClassCondition)

   RSocketStrategiesAutoConfiguration:
      Did not match:
         - @ConditionalOnClass did not find required class 'io.rsocket.RSocketFactory' (OnClassCondition)

   RabbitAutoConfiguration:
      Did not match:
         - @ConditionalOnClass did not find required class 'com.rabbitmq.client.Channel' (OnClassCondition)

   ReactiveElasticsearchRepositoriesAutoConfiguration:
      Did not match:
         - @ConditionalOnClass did not find required class 'org.springframework.data.elasticsearch.client.reactive.ReactiveElasticsearchClient' (OnClassCondition)

   ReactiveElasticsearchRestClientAutoConfiguration:
      Did not match:
         - @ConditionalOnClass did not find required class 'reactor.netty.http.client.HttpClient' (OnClassCondition)

   ReactiveOAuth2ClientAutoConfiguration:
      Did not match:
         - @ConditionalOnClass did not find required class 'reactor.core.publisher.Flux' (OnClassCondition)

   ReactiveOAuth2ResourceServerAutoConfiguration:
      Did not match:
         - @ConditionalOnClass did not find required class 'org.springframework.security.config.annotation.web.reactive.EnableWebFluxSecurity' (OnClassCondition)

   ReactiveSecurityAutoConfiguration:
      Did not match:
         - @ConditionalOnClass did not find required class 'reactor.core.publisher.Flux' (OnClassCondition)

   ReactiveUserDetailsServiceAutoConfiguration:
      Did not match:
         - @ConditionalOnClass did not find required class 'org.springframework.security.authentication.ReactiveAuthenticationManager' (OnClassCondition)

   ReactiveWebServerFactoryAutoConfiguration:
      Did not match:
         - @ConditionalOnClass did not find required class 'org.springframework.http.ReactiveHttpInputMessage' (OnClassCondition)

   RedisAutoConfiguration:
      Did not match:
         - @ConditionalOnClass did not find required class 'org.springframework.data.redis.core.RedisOperations' (OnClassCondition)

   RedisCacheConfiguration:
      Did not match:
         - @ConditionalOnClass did not find required class 'org.springframework.data.redis.connection.RedisConnectionFactory' (OnClassCondition)

   RedisReactiveAutoConfiguration:
      Did not match:
         - @ConditionalOnClass did not find required class 'reactor.core.publisher.Flux' (OnClassCondition)

   RedisRepositoriesAutoConfiguration:
      Did not match:
         - @ConditionalOnClass did not find required class 'org.springframework.data.redis.repository.configuration.EnableRedisRepositories' (OnClassCondition)

   RemoteDevToolsAutoConfiguration:
      Did not match:
         - @ConditionalOnClass did not find required class 'javax.servlet.Filter' (OnClassCondition)

   RepositoryRestMvcAutoConfiguration:
      Did not match:
         - @ConditionalOnClass did not find required class 'org.springframework.data.rest.webmvc.config.RepositoryRestMvcConfiguration' (OnClassCondition)

   RestTemplateAutoConfiguration:
      Did not match:
         - @ConditionalOnClass did not find required class 'org.springframework.web.client.RestTemplate' (OnClassCondition)

   Saml2RelyingPartyAutoConfiguration:
      Did not match:
         - @ConditionalOnClass did not find required class 'org.springframework.security.saml2.provider.service.registration.RelyingPartyRegistrationRepository' (OnClassCondition)

   SecurityAutoConfiguration:
      Did not match:
         - @ConditionalOnClass did not find required class 'org.springframework.security.authentication.DefaultAuthenticationEventPublisher' (OnClassCondition)

   SecurityFilterAutoConfiguration:
      Did not match:
         - @ConditionalOnClass did not find required class 'org.springframework.security.config.http.SessionCreationPolicy' (OnClassCondition)

   SendGridAutoConfiguration:
      Did not match:
         - @ConditionalOnClass did not find required class 'com.sendgrid.SendGrid' (OnClassCondition)

   ServletWebServerFactoryAutoConfiguration:
      Did not match:
         - @ConditionalOnClass did not find required class 'javax.servlet.ServletRequest' (OnClassCondition)

   SessionAutoConfiguration:
      Did not match:
         - @ConditionalOnClass did not find required class 'org.springframework.session.Session' (OnClassCondition)

   SolrAutoConfiguration:
      Did not match:
         - @ConditionalOnClass did not find required class 'org.apache.solr.client.solrj.impl.CloudSolrClient' (OnClassCondition)

   SolrRepositoriesAutoConfiguration:
      Did not match:
         - @ConditionalOnClass did not find required class 'org.apache.solr.client.solrj.SolrClient' (OnClassCondition)

   SpringDataWebAutoConfiguration:
      Did not match:
         - @ConditionalOnClass did not find required class 'org.springframework.data.web.PageableHandlerMethodArgumentResolver' (OnClassCondition)

   TaskSchedulingAutoConfiguration#taskScheduler:
      Did not match:
         - @ConditionalOnBean (names: org.springframework.context.annotation.internalScheduledAnnotationProcessor; SearchStrategy: all) did not find any beans named org.springframework.context.annotation.internalScheduledAnnotationProcessor (OnBeanCondition)

   ThymeleafAutoConfiguration:
      Did not match:
         - @ConditionalOnClass did not find required class 'org.thymeleaf.spring5.SpringTemplateEngine' (OnClassCondition)

   TransactionAutoConfiguration:
      Did not match:
         - @ConditionalOnClass did not find required class 'org.springframework.transaction.PlatformTransactionManager' (OnClassCondition)

   UserDetailsServiceAutoConfiguration:
      Did not match:
         - @ConditionalOnClass did not find required class 'org.springframework.security.authentication.AuthenticationManager' (OnClassCondition)

   ValidationAutoConfiguration:
      Did not match:
         - @ConditionalOnClass did not find required class 'javax.validation.executable.ExecutableValidator' (OnClassCondition)

   WebClientAutoConfiguration:
      Did not match:
         - @ConditionalOnClass did not find required class 'org.springframework.web.reactive.function.client.WebClient' (OnClassCondition)

   WebFluxAutoConfiguration:
      Did not match:
         - @ConditionalOnClass did not find required class 'org.springframework.web.reactive.config.WebFluxConfigurer' (OnClassCondition)

   WebMvcAutoConfiguration:
      Did not match:
         - @ConditionalOnClass did not find required class 'javax.servlet.Servlet' (OnClassCondition)

   WebServiceTemplateAutoConfiguration:
      Did not match:
         - @ConditionalOnClass did not find required class 'org.springframework.oxm.Marshaller' (OnClassCondition)

   WebServicesAutoConfiguration:
      Did not match:
         - @ConditionalOnClass did not find required class 'org.springframework.ws.transport.http.MessageDispatcherServlet' (OnClassCondition)

   WebSocketMessagingAutoConfiguration:
      Did not match:
         - @ConditionalOnClass did not find required class 'org.springframework.web.socket.config.annotation.WebSocketMessageBrokerConfigurer' (OnClassCondition)

   WebSocketReactiveAutoConfiguration:
      Did not match:
         - @ConditionalOnClass did not find required class 'javax.servlet.Servlet' (OnClassCondition)

   WebSocketServletAutoConfiguration:
      Did not match:
         - @ConditionalOnClass did not find required class 'javax.servlet.Servlet' (OnClassCondition)

   XADataSourceAutoConfiguration:
      Did not match:
         - @ConditionalOnClass did not find required class 'javax.transaction.TransactionManager' (OnClassCondition)


Exclusions:
-----------

    None


Unconditional classes:
----------------------

    org.springframework.boot.autoconfigure.context.ConfigurationPropertiesAutoConfiguration

    org.springframework.boot.autoconfigure.context.LifecycleAutoConfiguration

    org.springframework.boot.autoconfigure.context.PropertyPlaceholderAutoConfiguration

    org.springframework.boot.autoconfigure.availability.ApplicationAvailabilityAutoConfiguration

    org.springframework.boot.autoconfigure.info.ProjectInfoAutoConfiguration



[DEBUG] [2021-07-02 20:13:42] PropertySourcesPropertyResolver.logKeyFound(115) | Found key 'spring.liveBeansView.mbeanDomain' in PropertySource 'systemProperties' with value of type String
[INFO] [2021-07-02 20:13:42] StartupInfoLogger.logStarted(61) | Started ScutcloudApplication in 9.287 seconds (JVM running for 12.643)
[DEBUG] [2021-07-02 20:13:42] DeferredLog.logTo(222) | Creating new Restarter for thread Thread[main,5,main]
[DEBUG] [2021-07-02 20:13:42] DeferredLog.logTo(222) | Immediately restarting application
[DEBUG] [2021-07-02 20:13:42] DeferredLog.logTo(222) | Created RestartClassLoader org.springframework.boot.devtools.restart.classloader.RestartClassLoader@78ccb80b
[DEBUG] [2021-07-02 20:13:42] DeferredLog.logTo(222) | Starting application org.fisco.bcos.scutcloud.ScutcloudApplication with URLs [file:/home/lj/IdeaProjects/scutcloud/build/classes/java/main/, file:/home/lj/IdeaProjects/scutcloud/build/resources/main/]
[DEBUG] [2021-07-02 20:13:42] AbstractApplicationContext.doClose(1006) | Closing org.springframework.context.annotation.AnnotationConfigApplicationContext@63eca2ac, started on Fri Jul 02 20:13:36 PDT 2021
[DEBUG] [2021-07-02 20:13:42] PropertySourcesPropertyResolver.logKeyFound(115) | Found key 'spring.liveBeansView.mbeanDomain' in PropertySource 'systemProperties' with value of type String
[DEBUG] [2021-07-02 20:13:42] MBeanExporter.destroy(452) | Unregistering JMX-exposed beans on shutdown
